0 info it worked if it ends with ok
1 verbose cli [ '/Users/NicerHugs/.nvm/versions/node/v5.0.0/bin/node',
1 verbose cli   '/Users/NicerHugs/.nvm/versions/node/v5.0.0/bin/npm',
1 verbose cli   'publish' ]
2 info using npm@3.3.6
3 info using node@v5.0.0
4 verbose publish [ '.' ]
5 silly cache add args [ '.', null ]
6 verbose cache add spec .
7 silly cache add parsed spec Result {
7 silly cache add   raw: '.',
7 silly cache add   scope: null,
7 silly cache add   name: null,
7 silly cache add   rawSpec: '.',
7 silly cache add   spec: '/Users/NicerHugs/skuid',
7 silly cache add   type: 'directory' }
8 verbose addLocalDirectory /Users/NicerHugs/.npm/ageist/1.0.1/package.tgz not in flight; packing
9 info lifecycle ageist@1.0.1~prepublish: ageist@1.0.1
10 silly lifecycle ageist@1.0.1~prepublish: no script for prepublish, continuing
11 verbose tar pack [ '/Users/NicerHugs/.npm/ageist/1.0.1/package.tgz',
11 verbose tar pack   '/Users/NicerHugs/skuid' ]
12 verbose tarball /Users/NicerHugs/.npm/ageist/1.0.1/package.tgz
13 verbose folder /Users/NicerHugs/skuid
14 verbose addLocalTarball adding from inside cache /Users/NicerHugs/.npm/ageist/1.0.1/package.tgz
15 silly cache afterAdd ageist@1.0.1
16 verbose afterAdd /Users/NicerHugs/.npm/ageist/1.0.1/package/package.json not in flight; writing
17 verbose afterAdd /Users/NicerHugs/.npm/ageist/1.0.1/package/package.json written
18 silly publish { name: 'ageist',
18 silly publish   version: '1.0.1',
18 silly publish   description: 'Count the occurrences of a particular integer in a list of integer id\'d integers.',
18 silly publish   bin: { ageist: 'bin/index.js' },
18 silly publish   repository:
18 silly publish    { type: 'git',
18 silly publish      url: 'git+https://github.com/NicerHugs/ageist.git' },
18 silly publish   author: { name: 'nicerhugs', email: 'nicerhugs@gmail.com' },
18 silly publish   license: 'ISC',
18 silly publish   readme: '# ageist\nCount the occurrences of a particular integer in a list of integer id\'d integers.\n\nThis project is published as an NPM package and can be found [here](https://www.npmjs.com/package/ageist).\n\n### To use\n`npm install ageist` OR `git clone https://github.com/NicerHugs/ageist.git`\n\nFrom the command line, run `ageist <path/to/file>` where `<path/to/file>` is a path to a file which contains an arbitrary number of lines, each of which contains an integer user ID and an integer user age, delimited by a comma.\n',
18 silly publish   readmeFilename: 'README.md',
18 silly publish   gitHead: '938e956f765eb75df7cfc36ecd5b8247cbbdee8a',
18 silly publish   bugs: { url: 'https://github.com/NicerHugs/ageist/issues' },
18 silly publish   homepage: 'https://github.com/NicerHugs/ageist#readme',
18 silly publish   _id: 'ageist@1.0.1',
18 silly publish   scripts: {},
18 silly publish   _shasum: '30da3246ae438ddd69aa0cf90a1b0e7262729bc5',
18 silly publish   _from: '.' }
19 verbose getPublishConfig undefined
20 silly mapToRegistry name ageist
21 silly mapToRegistry using default registry
22 silly mapToRegistry registry https://registry.npmjs.org/
23 silly mapToRegistry uri https://registry.npmjs.org/ageist
24 verbose publish registryBase https://registry.npmjs.org/
25 silly publish uploading /Users/NicerHugs/.npm/ageist/1.0.1/package.tgz
26 verbose request uri https://registry.npmjs.org/ageist
27 verbose request sending authorization for write operation
28 info attempt registry request try #1 at 3:47:29 PM
29 verbose request using bearer token for auth
30 verbose request id bf9d07b0b1c39de8
31 http request PUT https://registry.npmjs.org/ageist
32 http 403 https://registry.npmjs.org/ageist
33 verbose headers { 'content-type': 'application/json',
33 verbose headers   'cache-control': 'max-age=300',
33 verbose headers   'content-length': '95',
33 verbose headers   'accept-ranges': 'bytes',
33 verbose headers   date: 'Thu, 26 Jan 2017 21:47:30 GMT',
33 verbose headers   via: '1.1 varnish',
33 verbose headers   connection: 'keep-alive',
33 verbose headers   'x-served-by': 'cache-dfw1834-DFW',
33 verbose headers   'x-cache': 'MISS',
33 verbose headers   'x-cache-hits': '0',
33 verbose headers   'x-timer': 'S1485467249.642058,VS0,VE709',
33 verbose headers   vary: 'Accept-Encoding' }
34 verbose request invalidating /Users/NicerHugs/.npm/registry.npmjs.org/ageist on PUT
35 error publish Failed PUT 403
36 verbose stack Error: "You cannot publish over the previously published version 1.0.1." : ageist
36 verbose stack     at makeError (/Users/NicerHugs/.nvm/versions/node/v5.0.0/lib/node_modules/npm/node_modules/npm-registry-client/lib/request.js:264:12)
36 verbose stack     at CachingRegistryClient.<anonymous> (/Users/NicerHugs/.nvm/versions/node/v5.0.0/lib/node_modules/npm/node_modules/npm-registry-client/lib/request.js:252:14)
36 verbose stack     at Request._callback (/Users/NicerHugs/.nvm/versions/node/v5.0.0/lib/node_modules/npm/node_modules/npm-registry-client/lib/request.js:172:14)
36 verbose stack     at Request.self.callback (/Users/NicerHugs/.nvm/versions/node/v5.0.0/lib/node_modules/npm/node_modules/request/request.js:198:22)
36 verbose stack     at emitTwo (events.js:87:13)
36 verbose stack     at Request.emit (events.js:172:7)
36 verbose stack     at Request.<anonymous> (/Users/NicerHugs/.nvm/versions/node/v5.0.0/lib/node_modules/npm/node_modules/request/request.js:1063:14)
36 verbose stack     at emitOne (events.js:82:20)
36 verbose stack     at Request.emit (events.js:169:7)
36 verbose stack     at IncomingMessage.<anonymous> (/Users/NicerHugs/.nvm/versions/node/v5.0.0/lib/node_modules/npm/node_modules/request/request.js:1009:12)
37 verbose statusCode 403
38 verbose pkgid ageist
39 verbose cwd /Users/NicerHugs/skuid
40 error Darwin 15.6.0
41 error argv "/Users/NicerHugs/.nvm/versions/node/v5.0.0/bin/node" "/Users/NicerHugs/.nvm/versions/node/v5.0.0/bin/npm" "publish"
42 error node v5.0.0
43 error npm  v3.3.6
44 error code E403
45 error "You cannot publish over the previously published version 1.0.1." : ageist
46 error If you need help, you may report this error at:
46 error     <https://github.com/npm/npm/issues>
47 verbose exit [ 1, true ]
